<?xml version="1.0" encoding="utf-8"?><testsuites name="pytest tests"><testsuite name="pytest" errors="0" failures="0" skipped="0" tests="8" time="2.903" timestamp="2026-06-26T21:57:25.744573+00:00" hostname="agent-env-7ba83ba3-18b6-41dd-8db8-3be404131ca3"><testcase classname="tests.backend_test.TestHealth" name="test_root" time="0.314" /><testcase classname="tests.backend_test.TestContact" name="test_contact_create_and_persist" time="0.316" /><testcase classname="tests.backend_test.TestHealth" name="test_health" time="0.046" /><testcase classname="tests.backend_test.TestContact" name="test_contact_missing_fields" time="0.047" /><testcase classname="tests.backend_test.TestChatStream" name="test_stream_returns_text" time="1.850" /><testcase classname="tests.backend_test.TestContact" name="test_contact_missing_keys" time="0.039" /><testcase classname="tests.backend_test.TestResume" name="test_resume_download" time="0.120" /><testcase classname="tests.backend_test.TestChatStream" name="test_stream_empty_message" time="0.046" /></testsuite></testsuites>